Base path: C:/Program Files (x86)/Unity/Editor/Data
Pipe name: \\.\pipe\UnityShaderCompiler-2-246364
Cmd: getPlatforms
Cmd: compileSnippet
  api=0 type=0 insize=9506 outsize=5739 kw=WATER_VERTEX_DISPLACEMENT_ON WATER_REFLECTIVE WATER_EDGEBLEND_ON ok=1
Cmd: compileSnippet
  api=4 type=0 insize=9506 outsize=2680 kw=WATER_VERTEX_DISPLACEMENT_OFF WATER_SIMPLE WATER_EDGEBLEND_ON ok=1
Cmd: compileSnippet
  api=0 type=0 insize=9506 outsize=2812 kw=WATER_VERTEX_DISPLACEMENT_OFF WATER_REFLECTIVE WATER_EDGEBLEND_OFF ok=1
Cmd: compileSnippet
  api=4 type=0 insize=9506 outsize=2680 kw=WATER_VERTEX_DISPLACEMENT_OFF WATER_REFLECTIVE WATER_EDGEBLEND_OFF ok=1
Cmd: compileSnippet
  api=0 type=0 insize=9506 outsize=2661 kw=WATER_VERTEX_DISPLACEMENT_OFF WATER_SIMPLE WATER_EDGEBLEND_OFF ok=1
Cmd: compileSnippet
  api=0 type=1 insize=9506 outsize=6 kw=WATER_VERTEX_DISPLACEMENT_ON WATER_SIMPLE WATER_EDGEBLEND_ON ok=1
Cmd: compileSnippet
  api=1 type=1 insize=9506 outsize=1039 kw=WATER_VERTEX_DISPLACEMENT_ON WATER_SIMPLE WATER_EDGEBLEND_OFF ok=1
Cmd: compileSnippet
  api=1 type=1 insize=9506 outsize=1039 kw=WATER_VERTEX_DISPLACEMENT_OFF WATER_SIMPLE WATER_EDGEBLEND_OFF ok=1
Cmd: compileSnippet
  api=4 type=0 insize=9510 outsize=4727 kw=WATER_VERTEX_DISPLACEMENT_ON WATER_SIMPLE WATER_EDGEBLEND_ON ok=1
Cmd: compileSnippet
  api=0 type=0 insize=9510 outsize=2503 kw=WATER_VERTEX_DISPLACEMENT_OFF WATER_SIMPLE WATER_EDGEBLEND_ON ok=1
Cmd: compileSnippet
  api=0 type=1 insize=9510 outsize=6 kw=WATER_VERTEX_DISPLACEMENT_ON WATER_SIMPLE WATER_EDGEBLEND_OFF ok=1
Cmd: compileSnippet
  api=1 type=1 insize=9510 outsize=1250 kw=WATER_VERTEX_DISPLACEMENT_OFF WATER_REFLECTIVE WATER_EDGEBLEND_ON ok=1
Cmd: compileSnippet
  api=4 type=1 insize=9510 outsize=3638 kw=WATER_VERTEX_DISPLACEMENT_OFF WATER_REFLECTIVE WATER_EDGEBLEND_OFF ok=1
Cmd: compileSnippet
  api=1 type=0 insize=1770 outsize=308 kw= ok=1
Cmd: compileSnippet
  api=8 type=1 insize=1770 outsize=2040 kw= ok=1
Cmd: compileSnippet
  api=1 type=1 insize=1381 outsize=462 kw= ok=1
Cmd: compileSnippet
  api=8 type=1 insize=2154 outsize=2584 kw= ok=1
Cmd: compileSnippet
  api=8 type=0 insize=2219 outsize=2958 kw= ok=1
Cmd: compileSnippet
  api=8 type=0 insize=1097 outsize=2162 kw= ok=1
Cmd: compileSnippet
  api=4 type=1 insize=1179 outsize=1014 kw= ok=1
Cmd: compileSnippet
  api=4 type=0 insize=2137 outsize=2078 kw= ok=1
Cmd: compileSnippet
  api=1 type=1 insize=1252 outsize=246 kw= ok=1
Cmd: compileSnippet
  api=8 type=1 insize=1237 outsize=1690 kw= ok=1
Cmd: compileSnippet
  api=4 type=1 insize=1099 outsize=1055 kw= ok=1
Unhandled exception: Readfile from pipe failed. GLE=The pipe has been ended.


Quitting shader compiler process
